<?xml version="1.0" encoding="UTF-8"?>
<testsuite name="TestStart" tests="1" skipped="0" failures="0" errors="0" timestamp="2020-08-31T15:45:20" hostname="augustine" time="0.003">
  <properties/>
  <testcase name="testOk" classname="TestStart" time="0.003"/>
  <system-out><![CDATA[]]></system-out>
  <system-err><![CDATA[]]></system-err>
</testsuite>
